
login as: pi
pi@192.168.1.89's password:
Linux raspberrypi 5.10.17-v7+ #1414 SMP Fri Apr 30 13:18:35 BST 2021 armv7l

The programs included with the Debian GNU/Linux system are free software;
the exact distribution terms for each program are described in the
individual files in /usr/share/doc/*/copyright.

Debian GNU/Linux comes with ABSOLUTELY NO WARRANTY, to the extent
permitted by applicable law.
Last login: Sun Nov 28 14:55:46 2021 from 192.168.1.66

SSH is enabled and the default password for the 'pi' user has not been changed.
This is a security risk - please login as the 'pi' user and type 'passwd' to set a new password.

pi@raspberrypi:~ $ htop

  1  [||                        2.0%]   Tasks: 31, 7 thr; 3 running
  2  [|||                       7.8%]   Load average: 0.05 0.08 0.05
  3  [||                        1.3%]   Uptime: 00:59:25
  4  [|                         0.7%]
  Mem[||||||||||||||||||||48.8M/429M]
  Swp[                         0K/0K]

  PID USER      PRI  NI  VIRT   RES   SHR S CPU% MEM%   TIME+  Command
    1 root       20   0 34736  8344  6580 R  5.3  1.9  0:24.91 /sbin/init
  334 messagebu  20   0  6748  2628  1976 R  2.0  0.6  0:03.99 /usr/bin/dbus-dae
 1280 pi         20   0  8008  1900  1392 R  1.3  0.4  0:50.68 htop
 8600 root       20   0 10332  3396  3040 S  1.3  0.8  0:00.02 sudo reboot now
 8601 root       20   0 10128  3236  2964 S  1.3  0.7  0:00.02 reboot now
  312 root       20   0 13044  3212  2524 S  0.7  0.7  0:01.26 /lib/systemd/syst
 1266 pi         20   0 12240  1592   796 S  0.0  0.4  0:01.63 sshd: pi@pts/1
 4090 root       20   0 15588  5836  5140 S  0.0  1.3  0:00.25 /lib/systemd/syst
  345 root       20   0 25512  1440   868 S  0.0  0.3  0:00.22 /usr/sbin/rsyslog
 8435 mosquitto  20   0  8648  4524  4052 S  0.0  1.0  0:00.12 /usr/sbin/mosquit
  370 root       20   0 25512  1440   868 S  0.0  0.3  0:00.10 /usr/sbin/rsyslog
 1141 pi         20   0 12240  1632   832 S  0.0  0.4  0:00.87 sshd: pi@pts/0
 1142 pi         20   0  8360  3184  2368 S  0.0  0.7  0:00.41 -bash
  387 root       20   0 11120  1312   640 S  0.0  0.3  0:00.25 wpa_supplicant -B
F1Help  F2Setup F3SearchF4FilterF5Tree  F6SortByF7Nice -F8Nice +F9Kill  F10Quit
